2026-03-16T20:49:49.736+02:00  INFO [data-service,,] 12572 --- [data-service] [restartedMain] c.e.data_service.DataServiceApplication  : Starting DataServiceApplication using Java 17.0.14 with PID 12572 (C:\Projects\microservicii-new\data-service\target\classes started by nelus in C:\Projects\microservicii-new\data-service)
2026-03-16T20:49:49.736+02:00  INFO [data-service,,] 12572 --- [data-service] [restartedMain] c.e.data_service.DataServiceApplication  : No active profile set, falling back to 1 default profile: "default"
2026-03-16T20:49:50.304+02:00  INFO [data-service,,] 12572 --- [data-service] [restartedMain] .s.d.r.c.RepositoryConfigurationDelegate : Bootstrapping Spring Data JPA repositories in DEFAULT mode.
2026-03-16T20:49:50.361+02:00  INFO [data-service,,] 12572 --- [data-service] [restartedMain] .s.d.r.c.RepositoryConfigurationDelegate : Finished Spring Data repository scanning in 53 ms. Found 2 JPA repository interfaces.
2026-03-16T20:49:50.674+02:00  INFO [data-service,,] 12572 --- [data-service] [restartedMain] o.s.boot.tomcat.TomcatWebServer          : Tomcat initialized with port 8081 (http)
2026-03-16T20:49:50.676+02:00  INFO [data-service,,] 12572 --- [data-service] [restartedMain] o.apache.catalina.core.StandardService   : Starting service [Tomcat]
2026-03-16T20:49:50.677+02:00  INFO [data-service,,] 12572 --- [data-service] [restartedMain] o.apache.catalina.core.StandardEngine    : Starting Servlet engine: [Apache Tomcat/11.0.18]
2026-03-16T20:49:50.750+02:00  INFO [data-service,,] 12572 --- [data-service] [restartedMain] b.w.c.s.WebApplicationContextInitializer : Root WebApplicationContext: initialization completed in 1009 ms
2026-03-16T20:49:50.865+02:00  INFO [data-service,,] 12572 --- [data-service] [restartedMain] org.hibernate.orm.jpa                    : HHH008540: Processing PersistenceUnitInfo [name: default]
2026-03-16T20:49:51.013+02:00  INFO [data-service,,] 12572 --- [data-service] [restartedMain] o.s.o.j.p.SpringPersistenceUnitInfo      : No LoadTimeWeaver setup: ignoring JPA class transformer
2026-03-16T20:49:51.016+02:00  INFO [data-service,,] 12572 --- [data-service] [restartedMain] com.zaxxer.hikari.HikariDataSource       : HikariPool-4 - Starting...
2026-03-16T20:49:51.032+02:00  INFO [data-service,,] 12572 --- [data-service] [restartedMain] com.zaxxer.hikari.pool.HikariPool        : HikariPool-4 - Added connection com.mysql.cj.jdbc.ConnectionImpl@143c39ac
2026-03-16T20:49:51.033+02:00  INFO [data-service,,] 12572 --- [data-service] [restartedMain] com.zaxxer.hikari.HikariDataSource       : HikariPool-4 - Start completed.
2026-03-16T20:49:51.037+02:00  WARN [data-service,,] 12572 --- [data-service] [restartedMain] org.hibernate.orm.deprecation            : HHH90000025: MySQLDialect does not need to be specified explicitly using 'hibernate.dialect' (remove the property setting and it will be selected by default)
2026-03-16T20:49:51.040+02:00  INFO [data-service,,] 12572 --- [data-service] [restartedMain] org.hibernate.orm.connections.pooling    : HHH10001005: Database info:
	Database JDBC URL [jdbc:mysql://localhost:3306/micro_db?useUnicode=true&characterEncoding=utf8&useSSL=false&createDatabaseIfNotExist=true&allowPublicKeyRetrieval=true]
	Database driver: MySQL Connector/J
	Database dialect: MySQLDialect
	Database version: 8.0.41
	Default catalog/schema: micro_db/undefined
	Autocommit mode: undefined/unknown
	Isolation level: REPEATABLE_READ [default REPEATABLE_READ]
	JDBC fetch size: none
	Pool: DataSourceConnectionProvider
	Minimum pool size: undefined/unknown
	Maximum pool size: undefined/unknown
2026-03-16T20:49:51.247+02:00  INFO [data-service,,] 12572 --- [data-service] [restartedMain] org.hibernate.orm.core                   : HHH000489: No JTA platform available (set 'hibernate.transaction.jta.platform' to enable JTA platform integration)
2026-03-16T20:49:51.272+02:00  INFO [data-service,,] 12572 --- [data-service] [restartedMain] j.LocalContainerEntityManagerFactoryBean : Initialized JPA EntityManagerFactory for persistence unit 'default'
2026-03-16T20:49:51.503+02:00  WARN [data-service,,] 12572 --- [data-service] [restartedMain] JpaBaseConfiguration$JpaWebConfiguration : spring.jpa.open-in-view is enabled by default. Therefore, database queries may be performed during view rendering. Explicitly configure spring.jpa.open-in-view to disable this warning
2026-03-16T20:49:54.240+02:00  INFO [data-service,,] 12572 --- [data-service] [restartedMain] o.s.boot.tomcat.TomcatWebServer          : Tomcat started on port 8081 (http) with context path '/'
2026-03-16T20:49:54.249+02:00  INFO [data-service,,] 12572 --- [data-service] [restartedMain] c.e.data_service.DataServiceApplication  : Started DataServiceApplication in 4.648 seconds (process running for 116.222)
2026-03-16T20:49:54.254+02:00  INFO [data-service,,] 12572 --- [data-service] [restartedMain] .ConditionEvaluationDeltaLoggingListener : Condition evaluation unchanged
2026-03-16T20:50:42.371+02:00  INFO [data-service,,] 12572 --- [data-service] [File Watcher] rtingClassPathChangeChangedEventListener : Restarting due to 1 class path change (1 addition, 0 deletions, 0 modifications)
2026-03-16T20:50:42.375+02:00  INFO [data-service,,] 12572 --- [data-service] [Thread-13] o.s.boot.tomcat.GracefulShutdown         : Commencing graceful shutdown. Waiting for active requests to complete
2026-03-16T20:50:42.636+02:00  INFO [data-service,,] 12572 --- [data-service] [tomcat-shutdown] o.s.boot.tomcat.GracefulShutdown         : Graceful shutdown complete
2026-03-16T20:50:42.643+02:00  INFO [data-service,,] 12572 --- [data-service] [Thread-13] j.LocalContainerEntityManagerFactoryBean : Closing JPA EntityManagerFactory for persistence unit 'default'
2026-03-16T20:50:42.645+02:00  INFO [data-service,,] 12572 --- [data-service] [Thread-13] com.zaxxer.hikari.HikariDataSource       : HikariPool-4 - Shutdown initiated...
2026-03-16T20:50:42.653+02:00  INFO [data-service,,] 12572 --- [data-service] [Thread-13] com.zaxxer.hikari.HikariDataSource       : HikariPool-4 - Shutdown completed.
2026-03-16T20:53:10.720+02:00  INFO [data-service,,] 33024 --- [data-service] [restartedMain] c.e.data_service.DataServiceApplication  : Starting DataServiceApplication using Java 17.0.14 with PID 33024 (C:\Projects\microservicii-new\data-service\target\classes started by nelus in C:\Projects\microservicii-new\data-service)
2026-03-16T20:53:10.730+02:00  INFO [data-service,,] 33024 --- [data-service] [restartedMain] c.e.data_service.DataServiceApplication  : No active profile set, falling back to 1 default profile: "default"
2026-03-16T20:53:10.846+02:00  INFO [data-service,,] 33024 --- [data-service] [restartedMain] .e.DevToolsPropertyDefaultsPostProcessor : Devtools property defaults active! Set 'spring.devtools.add-properties' to 'false' to disable
2026-03-16T20:53:10.846+02:00  INFO [data-service,,] 33024 --- [data-service] [restartedMain] .e.DevToolsPropertyDefaultsPostProcessor : For additional web related logging consider setting the 'logging.level.web' property to 'DEBUG'
2026-03-16T20:53:12.150+02:00  INFO [data-service,,] 33024 --- [data-service] [restartedMain] .s.d.r.c.RepositoryConfigurationDelegate : Bootstrapping Spring Data JPA repositories in DEFAULT mode.
2026-03-16T20:53:12.236+02:00  INFO [data-service,,] 33024 --- [data-service] [restartedMain] .s.d.r.c.RepositoryConfigurationDelegate : Finished Spring Data repository scanning in 74 ms. Found 2 JPA repository interfaces.
2026-03-16T20:53:13.139+02:00  INFO [data-service,,] 33024 --- [data-service] [restartedMain] o.s.boot.tomcat.TomcatWebServer          : Tomcat initialized with port 8081 (http)
2026-03-16T20:53:13.156+02:00  INFO [data-service,,] 33024 --- [data-service] [restartedMain] o.apache.catalina.core.StandardService   : Starting service [Tomcat]
2026-03-16T20:53:13.156+02:00  INFO [data-service,,] 33024 --- [data-service] [restartedMain] o.apache.catalina.core.StandardEngine    : Starting Servlet engine: [Apache Tomcat/11.0.18]
2026-03-16T20:53:13.222+02:00  INFO [data-service,,] 33024 --- [data-service] [restartedMain] b.w.c.s.WebApplicationContextInitializer : Root WebApplicationContext: initialization completed in 2374 ms
2026-03-16T20:53:13.491+02:00  INFO [data-service,,] 33024 --- [data-service] [restartedMain] org.hibernate.orm.jpa                    : HHH008540: Processing PersistenceUnitInfo [name: default]
2026-03-16T20:53:13.573+02:00  INFO [data-service,,] 33024 --- [data-service] [restartedMain] org.hibernate.orm.core                   : HHH000001: Hibernate ORM core version 7.2.4.Final
2026-03-16T20:53:14.269+02:00  INFO [data-service,,] 33024 --- [data-service] [restartedMain] o.s.o.j.p.SpringPersistenceUnitInfo      : No LoadTimeWeaver setup: ignoring JPA class transformer
2026-03-16T20:53:14.325+02:00  INFO [data-service,,] 33024 --- [data-service] [restartedMain] com.zaxxer.hikari.HikariDataSource       : HikariPool-1 - Starting...
2026-03-16T20:53:14.591+02:00  INFO [data-service,,] 33024 --- [data-service] [restartedMain] com.zaxxer.hikari.pool.HikariPool        : HikariPool-1 - Added connection com.mysql.cj.jdbc.ConnectionImpl@447f5563
2026-03-16T20:53:14.594+02:00  INFO [data-service,,] 33024 --- [data-service] [restartedMain] com.zaxxer.hikari.HikariDataSource       : HikariPool-1 - Start completed.
2026-03-16T20:53:14.677+02:00  WARN [data-service,,] 33024 --- [data-service] [restartedMain] org.hibernate.orm.deprecation            : HHH90000025: MySQLDialect does not need to be specified explicitly using 'hibernate.dialect' (remove the property setting and it will be selected by default)
2026-03-16T20:53:14.701+02:00  INFO [data-service,,] 33024 --- [data-service] [restartedMain] org.hibernate.orm.connections.pooling    : HHH10001005: Database info:
	Database JDBC URL [jdbc:mysql://localhost:3306/micro_db?useUnicode=true&characterEncoding=utf8&useSSL=false&createDatabaseIfNotExist=true&allowPublicKeyRetrieval=true]
	Database driver: MySQL Connector/J
	Database dialect: MySQLDialect
	Database version: 8.0.41
	Default catalog/schema: micro_db/undefined
	Autocommit mode: undefined/unknown
	Isolation level: REPEATABLE_READ [default REPEATABLE_READ]
	JDBC fetch size: none
	Pool: DataSourceConnectionProvider
	Minimum pool size: undefined/unknown
	Maximum pool size: undefined/unknown
2026-03-16T20:53:16.307+02:00  INFO [data-service,,] 33024 --- [data-service] [restartedMain] org.hibernate.orm.core                   : HHH000489: No JTA platform available (set 'hibernate.transaction.jta.platform' to enable JTA platform integration)
2026-03-16T20:53:16.392+02:00  INFO [data-service,,] 33024 --- [data-service] [restartedMain] j.LocalContainerEntityManagerFactoryBean : Initialized JPA EntityManagerFactory for persistence unit 'default'
2026-03-16T20:53:16.492+02:00  INFO [data-service,,] 33024 --- [data-service] [restartedMain] o.s.d.j.r.query.QueryEnhancerFactories   : Hibernate is in classpath; If applicable, HQL parser will be used.
2026-03-16T20:53:17.512+02:00  WARN [data-service,,] 33024 --- [data-service] [restartedMain] JpaBaseConfiguration$JpaWebConfiguration : spring.jpa.open-in-view is enabled by default. Therefore, database queries may be performed during view rendering. Explicitly configure spring.jpa.open-in-view to disable this warning
2026-03-16T20:53:19.358+02:00  INFO [data-service,,] 33024 --- [data-service] [restartedMain] o.s.boot.tomcat.TomcatWebServer          : Tomcat started on port 8081 (http) with context path '/'
2026-03-16T20:53:19.365+02:00  INFO [data-service,,] 33024 --- [data-service] [restartedMain] c.e.data_service.DataServiceApplication  : Started DataServiceApplication in 9.646 seconds (process running for 11.175)
2026-03-16T20:56:14.172+02:00  INFO [data-service,,] 33024 --- [data-service] [File Watcher] rtingClassPathChangeChangedEventListener : Restarting due to 1 class path change (0 additions, 0 deletions, 1 modification)
2026-03-16T20:56:14.185+02:00  INFO [data-service,,] 33024 --- [data-service] [Thread-1] o.s.boot.tomcat.GracefulShutdown         : Commencing graceful shutdown. Waiting for active requests to complete
2026-03-16T20:56:14.453+02:00  INFO [data-service,,] 33024 --- [data-service] [tomcat-shutdown] o.s.boot.tomcat.GracefulShutdown         : Graceful shutdown complete
2026-03-16T20:56:14.465+02:00  INFO [data-service,,] 33024 --- [data-service] [Thread-1] j.LocalContainerEntityManagerFactoryBean : Closing JPA EntityManagerFactory for persistence unit 'default'
2026-03-16T20:56:14.474+02:00  INFO [data-service,,] 33024 --- [data-service] [Thread-1] com.zaxxer.hikari.HikariDataSource       : HikariPool-1 - Shutdown initiated...
2026-03-16T20:56:14.494+02:00  INFO [data-service,,] 33024 --- [data-service] [Thread-1] com.zaxxer.hikari.HikariDataSource       : HikariPool-1 - Shutdown completed.
2026-03-16T20:56:14.941+02:00  INFO [data-service,,] 33024 --- [data-service] [restartedMain] c.e.data_service.DataServiceApplication  : Starting DataServiceApplication using Java 17.0.14 with PID 33024 (C:\Projects\microservicii-new\data-service\target\classes started by nelus in C:\Projects\microservicii-new\data-service)
2026-03-16T20:56:14.942+02:00  INFO [data-service,,] 33024 --- [data-service] [restartedMain] c.e.data_service.DataServiceApplication  : No active profile set, falling back to 1 default profile: "default"
2026-03-16T20:56:15.373+02:00  INFO [data-service,,] 33024 --- [data-service] [restartedMain] .s.d.r.c.RepositoryConfigurationDelegate : Bootstrapping Spring Data JPA repositories in DEFAULT mode.
2026-03-16T20:56:15.397+02:00  INFO [data-service,,] 33024 --- [data-service] [restartedMain] .s.d.r.c.RepositoryConfigurationDelegate : Finished Spring Data repository scanning in 21 ms. Found 2 JPA repository interfaces.
2026-03-16T20:56:15.625+02:00  INFO [data-service,,] 33024 --- [data-service] [restartedMain] o.s.boot.tomcat.TomcatWebServer          : Tomcat initialized with port 8081 (http)
2026-03-16T20:56:15.628+02:00  INFO [data-service,,] 33024 --- [data-service] [restartedMain] o.apache.catalina.core.StandardService   : Starting service [Tomcat]
2026-03-16T20:56:15.629+02:00  INFO [data-service,,] 33024 --- [data-service] [restartedMain] o.apache.catalina.core.StandardEngine    : Starting Servlet engine: [Apache Tomcat/11.0.18]
2026-03-16T20:56:15.688+02:00  INFO [data-service,,] 33024 --- [data-service] [restartedMain] b.w.c.s.WebApplicationContextInitializer : Root WebApplicationContext: initialization completed in 735 ms
2026-03-16T20:56:15.785+02:00  INFO [data-service,,] 33024 --- [data-service] [restartedMain] org.hibernate.orm.jpa                    : HHH008540: Processing PersistenceUnitInfo [name: default]
2026-03-16T20:56:15.851+02:00  INFO [data-service,,] 33024 --- [data-service] [restartedMain] o.s.o.j.p.SpringPersistenceUnitInfo      : No LoadTimeWeaver setup: ignoring JPA class transformer
2026-03-16T20:56:15.854+02:00  INFO [data-service,,] 33024 --- [data-service] [restartedMain] com.zaxxer.hikari.HikariDataSource       : HikariPool-2 - Starting...
2026-03-16T20:56:15.869+02:00  INFO [data-service,,] 33024 --- [data-service] [restartedMain] com.zaxxer.hikari.pool.HikariPool        : HikariPool-2 - Added connection com.mysql.cj.jdbc.ConnectionImpl@62197176
2026-03-16T20:56:15.870+02:00  INFO [data-service,,] 33024 --- [data-service] [restartedMain] com.zaxxer.hikari.HikariDataSource       : HikariPool-2 - Start completed.
2026-03-16T20:56:15.874+02:00  WARN [data-service,,] 33024 --- [data-service] [restartedMain] org.hibernate.orm.deprecation            : HHH90000025: MySQLDialect does not need to be specified explicitly using 'hibernate.dialect' (remove the property setting and it will be selected by default)
2026-03-16T20:56:15.877+02:00  INFO [data-service,,] 33024 --- [data-service] [restartedMain] org.hibernate.orm.connections.pooling    : HHH10001005: Database info:
	Database JDBC URL [jdbc:mysql://localhost:3306/micro_db?useUnicode=true&characterEncoding=utf8&useSSL=false&createDatabaseIfNotExist=true&allowPublicKeyRetrieval=true]
	Database driver: MySQL Connector/J
	Database dialect: MySQLDialect
	Database version: 8.0.41
	Default catalog/schema: micro_db/undefined
	Autocommit mode: undefined/unknown
	Isolation level: REPEATABLE_READ [default REPEATABLE_READ]
	JDBC fetch size: none
	Pool: DataSourceConnectionProvider
	Minimum pool size: undefined/unknown
	Maximum pool size: undefined/unknown
2026-03-16T20:56:16.004+02:00  INFO [data-service,,] 33024 --- [data-service] [restartedMain] org.hibernate.orm.core                   : HHH000489: No JTA platform available (set 'hibernate.transaction.jta.platform' to enable JTA platform integration)
2026-03-16T20:56:16.024+02:00  INFO [data-service,,] 33024 --- [data-service] [restartedMain] j.LocalContainerEntityManagerFactoryBean : Initialized JPA EntityManagerFactory for persistence unit 'default'
2026-03-16T20:56:16.195+02:00  WARN [data-service,,] 33024 --- [data-service] [restartedMain] JpaBaseConfiguration$JpaWebConfiguration : spring.jpa.open-in-view is enabled by default. Therefore, database queries may be performed during view rendering. Explicitly configure spring.jpa.open-in-view to disable this warning
2026-03-16T20:56:17.001+02:00  INFO [data-service,,] 33024 --- [data-service] [restartedMain] o.s.boot.tomcat.TomcatWebServer          : Tomcat started on port 8081 (http) with context path '/'
2026-03-16T20:56:17.006+02:00  INFO [data-service,,] 33024 --- [data-service] [restartedMain] c.e.data_service.DataServiceApplication  : Started DataServiceApplication in 2.231 seconds (process running for 188.816)
2026-03-16T20:56:17.008+02:00  INFO [data-service,,] 33024 --- [data-service] [restartedMain] .ConditionEvaluationDeltaLoggingListener : Condition evaluation unchanged
2026-03-16T20:56:46.866+02:00  INFO [data-service,,] 33024 --- [data-service] [File Watcher] rtingClassPathChangeChangedEventListener : Restarting due to 1 class path change (0 additions, 0 deletions, 1 modification)
2026-03-16T20:56:46.869+02:00  INFO [data-service,,] 33024 --- [data-service] [Thread-5] o.s.boot.tomcat.GracefulShutdown         : Commencing graceful shutdown. Waiting for active requests to complete
2026-03-16T20:56:47.061+02:00  INFO [data-service,,] 33024 --- [data-service] [tomcat-shutdown] o.s.boot.tomcat.GracefulShutdown         : Graceful shutdown complete
2026-03-16T20:56:47.066+02:00  INFO [data-service,,] 33024 --- [data-service] [Thread-5] j.LocalContainerEntityManagerFactoryBean : Closing JPA EntityManagerFactory for persistence unit 'default'
2026-03-16T20:56:47.068+02:00  INFO [data-service,,] 33024 --- [data-service] [Thread-5] com.zaxxer.hikari.HikariDataSource       : HikariPool-2 - Shutdown initiated...
2026-03-16T20:56:47.075+02:00  INFO [data-service,,] 33024 --- [data-service] [Thread-5] com.zaxxer.hikari.HikariDataSource       : HikariPool-2 - Shutdown completed.
2026-03-16T20:56:47.388+02:00  INFO [data-service,,] 33024 --- [data-service] [restartedMain] c.e.data_service.DataServiceApplication  : Starting DataServiceApplication using Java 17.0.14 with PID 33024 (C:\Projects\microservicii-new\data-service\target\classes started by nelus in C:\Projects\microservicii-new\data-service)
2026-03-16T20:56:47.389+02:00  INFO [data-service,,] 33024 --- [data-service] [restartedMain] c.e.data_service.DataServiceApplication  : No active profile set, falling back to 1 default profile: "default"
2026-03-16T20:56:47.669+02:00  INFO [data-service,,] 33024 --- [data-service] [restartedMain] .s.d.r.c.RepositoryConfigurationDelegate : Bootstrapping Spring Data JPA repositories in DEFAULT mode.
2026-03-16T20:56:47.745+02:00  INFO [data-service,,] 33024 --- [data-service] [restartedMain] .s.d.r.c.RepositoryConfigurationDelegate : Finished Spring Data repository scanning in 74 ms. Found 2 JPA repository interfaces.
2026-03-16T20:56:47.953+02:00  INFO [data-service,,] 33024 --- [data-service] [restartedMain] o.s.boot.tomcat.TomcatWebServer          : Tomcat initialized with port 8081 (http)
2026-03-16T20:56:47.954+02:00  INFO [data-service,,] 33024 --- [data-service] [restartedMain] o.apache.catalina.core.StandardService   : Starting service [Tomcat]
2026-03-16T20:56:47.955+02:00  INFO [data-service,,] 33024 --- [data-service] [restartedMain] o.apache.catalina.core.StandardEngine    : Starting Servlet engine: [Apache Tomcat/11.0.18]
2026-03-16T20:56:47.987+02:00  INFO [data-service,,] 33024 --- [data-service] [restartedMain] b.w.c.s.WebApplicationContextInitializer : Root WebApplicationContext: initialization completed in 595 ms
2026-03-16T20:56:48.042+02:00  INFO [data-service,,] 33024 --- [data-service] [restartedMain] org.hibernate.orm.jpa                    : HHH008540: Processing PersistenceUnitInfo [name: default]
2026-03-16T20:56:48.097+02:00  INFO [data-service,,] 33024 --- [data-service] [restartedMain] o.s.o.j.p.SpringPersistenceUnitInfo      : No LoadTimeWeaver setup: ignoring JPA class transformer
2026-03-16T20:56:48.099+02:00  INFO [data-service,,] 33024 --- [data-service] [restartedMain] com.zaxxer.hikari.HikariDataSource       : HikariPool-3 - Starting...
2026-03-16T20:56:48.111+02:00  INFO [data-service,,] 33024 --- [data-service] [restartedMain] com.zaxxer.hikari.pool.HikariPool        : HikariPool-3 - Added connection com.mysql.cj.jdbc.ConnectionImpl@1b3ddc57
2026-03-16T20:56:48.112+02:00  INFO [data-service,,] 33024 --- [data-service] [restartedMain] com.zaxxer.hikari.HikariDataSource       : HikariPool-3 - Start completed.
2026-03-16T20:56:48.114+02:00  WARN [data-service,,] 33024 --- [data-service] [restartedMain] org.hibernate.orm.deprecation            : HHH90000025: MySQLDialect does not need to be specified explicitly using 'hibernate.dialect' (remove the property setting and it will be selected by default)
2026-03-16T20:56:48.116+02:00  INFO [data-service,,] 33024 --- [data-service] [restartedMain] org.hibernate.orm.connections.pooling    : HHH10001005: Database info:
	Database JDBC URL [jdbc:mysql://localhost:3306/micro_db?useUnicode=true&characterEncoding=utf8&useSSL=false&createDatabaseIfNotExist=true&allowPublicKeyRetrieval=true]
	Database driver: MySQL Connector/J
	Database dialect: MySQLDialect
	Database version: 8.0.41
	Default catalog/schema: micro_db/undefined
	Autocommit mode: undefined/unknown
	Isolation level: REPEATABLE_READ [default REPEATABLE_READ]
	JDBC fetch size: none
	Pool: DataSourceConnectionProvider
	Minimum pool size: undefined/unknown
	Maximum pool size: undefined/unknown
2026-03-16T20:56:48.229+02:00  INFO [data-service,,] 33024 --- [data-service] [restartedMain] org.hibernate.orm.core                   : HHH000489: No JTA platform available (set 'hibernate.transaction.jta.platform' to enable JTA platform integration)
2026-03-16T20:56:48.248+02:00  INFO [data-service,,] 33024 --- [data-service] [restartedMain] j.LocalContainerEntityManagerFactoryBean : Initialized JPA EntityManagerFactory for persistence unit 'default'
2026-03-16T20:56:48.382+02:00  WARN [data-service,,] 33024 --- [data-service] [restartedMain] JpaBaseConfiguration$JpaWebConfiguration : spring.jpa.open-in-view is enabled by default. Therefore, database queries may be performed during view rendering. Explicitly configure spring.jpa.open-in-view to disable this warning
2026-03-16T20:56:52.425+02:00  INFO [data-service,,] 33024 --- [data-service] [restartedMain] o.s.boot.tomcat.TomcatWebServer          : Tomcat started on port 8081 (http) with context path '/'
2026-03-16T20:56:52.428+02:00  INFO [data-service,,] 33024 --- [data-service] [restartedMain] c.e.data_service.DataServiceApplication  : Started DataServiceApplication in 5.136 seconds (process running for 224.238)
2026-03-16T20:56:52.429+02:00  INFO [data-service,,] 33024 --- [data-service] [restartedMain] .ConditionEvaluationDeltaLoggingListener : Condition evaluation unchanged
2026-03-16T20:58:42.493+02:00  INFO [data-service,,] 33024 --- [data-service] [File Watcher] rtingClassPathChangeChangedEventListener : Restarting due to 1 class path change (0 additions, 0 deletions, 1 modification)
2026-03-16T20:58:42.497+02:00  INFO [data-service,,] 33024 --- [data-service] [Thread-9] o.s.boot.tomcat.GracefulShutdown         : Commencing graceful shutdown. Waiting for active requests to complete
2026-03-16T20:58:42.705+02:00  INFO [data-service,,] 33024 --- [data-service] [tomcat-shutdown] o.s.boot.tomcat.GracefulShutdown         : Graceful shutdown complete
2026-03-16T20:58:42.711+02:00  INFO [data-service,,] 33024 --- [data-service] [Thread-9] j.LocalContainerEntityManagerFactoryBean : Closing JPA EntityManagerFactory for persistence unit 'default'
2026-03-16T20:58:42.712+02:00  INFO [data-service,,] 33024 --- [data-service] [Thread-9] com.zaxxer.hikari.HikariDataSource       : HikariPool-3 - Shutdown initiated...
2026-03-16T20:58:42.719+02:00  INFO [data-service,,] 33024 --- [data-service] [Thread-9] com.zaxxer.hikari.HikariDataSource       : HikariPool-3 - Shutdown completed.
