{"timestamp":"2026-03-16 20:50:46","thread":"restartedMain","level":"INFO","logger":"com.example.data_service.DataServiceApplication","message":"Starting DataServiceApplication using Java 17.0.14 with PID 12572 (C:\\Projects\\microservicii-new\\data-service\\target\\classes started by nelus in C:\\Projects\\microservicii-new\\data-service)","serviceName":"data-service"}
{"timestamp":"2026-03-16 20:50:46","thread":"restartedMain","level":"INFO","logger":"com.example.data_service.DataServiceApplication","message":"No active profile set, falling back to 1 default profile: \"default\"","serviceName":"data-service"}
{"timestamp":"2026-03-16 20:50:46","thread":"restartedMain","level":"INFO","logger":"org.springframework.data.repository.config.RepositoryConfigurationDelegate","message":"Bootstrapping Spring Data JPA repositories in DEFAULT mode.","serviceName":"data-service"}
{"timestamp":"2026-03-16 20:50:46","thread":"restartedMain","level":"INFO","logger":"org.springframework.data.repository.config.RepositoryConfigurationDelegate","message":"Finished Spring Data repository scanning in 17 ms. Found 2 JPA repository interfaces.","serviceName":"data-service"}
{"timestamp":"2026-03-16 20:50:46","thread":"restartedMain","level":"INFO","logger":"org.springframework.boot.tomcat.TomcatWebServer","message":"Tomcat initialized with port 8081 (http)","serviceName":"data-service"}
{"timestamp":"2026-03-16 20:50:46","thread":"restartedMain","level":"INFO","logger":"org.apache.catalina.core.StandardService","message":"Starting service [Tomcat]","serviceName":"data-service"}
{"timestamp":"2026-03-16 20:50:46","thread":"restartedMain","level":"INFO","logger":"org.apache.catalina.core.StandardEngine","message":"Starting Servlet engine: [Apache Tomcat/11.0.18]","serviceName":"data-service"}
{"timestamp":"2026-03-16 20:50:46","thread":"restartedMain","level":"INFO","logger":"org.springframework.boot.web.context.servlet.WebApplicationContextInitializer","message":"Root WebApplicationContext: initialization completed in 495 ms","serviceName":"data-service"}
{"timestamp":"2026-03-16 20:50:46","thread":"restartedMain","level":"INFO","logger":"org.hibernate.orm.jpa","message":"HHH008540: Processing PersistenceUnitInfo [name: default]","serviceName":"data-service"}
{"timestamp":"2026-03-16 20:50:46","thread":"restartedMain","level":"INFO","logger":"org.springframework.orm.jpa.persistenceunit.SpringPersistenceUnitInfo","message":"No LoadTimeWeaver setup: ignoring JPA class transformer","serviceName":"data-service"}
{"timestamp":"2026-03-16 20:50:46","thread":"restartedMain","level":"INFO","logger":"com.zaxxer.hikari.HikariDataSource","message":"HikariPool-5 - Starting...","serviceName":"data-service"}
{"timestamp":"2026-03-16 20:50:46","thread":"restartedMain","level":"INFO","logger":"com.zaxxer.hikari.pool.HikariPool","message":"HikariPool-5 - Added connection com.mysql.cj.jdbc.ConnectionImpl@6a6185e6","serviceName":"data-service"}
{"timestamp":"2026-03-16 20:50:46","thread":"restartedMain","level":"INFO","logger":"com.zaxxer.hikari.HikariDataSource","message":"HikariPool-5 - Start completed.","serviceName":"data-service"}
{"timestamp":"2026-03-16 20:50:46","thread":"restartedMain","level":"WARN","logger":"org.hibernate.orm.deprecation","message":"HHH90000025: MySQLDialect does not need to be specified explicitly using 'hibernate.dialect' (remove the property setting and it will be selected by default)","serviceName":"data-service"}
{"timestamp":"2026-03-16 20:50:46","thread":"restartedMain","level":"INFO","logger":"org.hibernate.orm.connections.pooling","message":"HHH10001005: Database info:\n\tDatabase JDBC URL [jdbc:mysql://localhost:3306/micro_db?useUnicode=true&characterEncoding=utf8&useSSL=false&createDatabaseIfNotExist=true&allowPublicKeyRetrieval=true]\n\tDatabase driver: MySQL Connector/J\n\tDatabase dialect: MySQLDialect\n\tDatabase version: 8.0.41\n\tDefault catalog/schema: micro_db/undefined\n\tAutocommit mode: undefined/unknown\n\tIsolation level: REPEATABLE_READ [default REPEATABLE_READ]\n\tJDBC fetch size: none\n\tPool: DataSourceConnectionProvider\n\tMinimum pool size: undefined/unknown\n\tMaximum pool size: undefined/unknown","serviceName":"data-service"}
{"timestamp":"2026-03-16 20:50:46","thread":"restartedMain","level":"INFO","logger":"org.hibernate.orm.core","message":"HHH000489: No JTA platform available (set 'hibernate.transaction.jta.platform' to enable JTA platform integration)","serviceName":"data-service"}
{"timestamp":"2026-03-16 20:50:46","thread":"restartedMain","level":"INFO","logger":"org.springframework.orm.jpa.LocalContainerEntityManagerFactoryBean","message":"Initialized JPA EntityManagerFactory for persistence unit 'default'","serviceName":"data-service"}
{"timestamp":"2026-03-16 20:50:47","thread":"restartedMain","level":"WARN","logger":"org.springframework.boot.jpa.autoconfigure.JpaBaseConfiguration$JpaWebConfiguration","message":"spring.jpa.open-in-view is enabled by default. Therefore, database queries may be performed during view rendering. Explicitly configure spring.jpa.open-in-view to disable this warning","serviceName":"data-service"}
{"timestamp":"2026-03-16 20:50:49","thread":"restartedMain","level":"INFO","logger":"org.springframework.boot.tomcat.TomcatWebServer","message":"Tomcat started on port 8081 (http) with context path '/'","serviceName":"data-service"}
{"timestamp":"2026-03-16 20:50:49","thread":"restartedMain","level":"INFO","logger":"com.example.data_service.DataServiceApplication","message":"Started DataServiceApplication in 6.795 seconds (process running for 171.55)","serviceName":"data-service"}
{"timestamp":"2026-03-16 20:50:49","thread":"restartedMain","level":"INFO","logger":"org.springframework.boot.devtools.autoconfigure.ConditionEvaluationDeltaLoggingListener","message":"Condition evaluation unchanged","serviceName":"data-service"}
{"timestamp":"2026-03-16 20:52:56","thread":"SpringApplicationShutdownHook","level":"INFO","logger":"org.springframework.boot.tomcat.GracefulShutdown","message":"Commencing graceful shutdown. Waiting for active requests to complete","serviceName":"data-service"}
{"timestamp":"2026-03-16 20:52:57","thread":"tomcat-shutdown","level":"INFO","logger":"org.springframework.boot.tomcat.GracefulShutdown","message":"Graceful shutdown complete","serviceName":"data-service"}
{"timestamp":"2026-03-16 20:52:57","thread":"SpringApplicationShutdownHook","level":"INFO","logger":"org.springframework.orm.jpa.LocalContainerEntityManagerFactoryBean","message":"Closing JPA EntityManagerFactory for persistence unit 'default'","serviceName":"data-service"}
{"timestamp":"2026-03-16 20:52:57","thread":"SpringApplicationShutdownHook","level":"INFO","logger":"com.zaxxer.hikari.HikariDataSource","message":"HikariPool-5 - Shutdown initiated...","serviceName":"data-service"}
{"timestamp":"2026-03-16 20:52:57","thread":"SpringApplicationShutdownHook","level":"INFO","logger":"com.zaxxer.hikari.HikariDataSource","message":"HikariPool-5 - Shutdown completed.","serviceName":"data-service"}
